<?xml version="1.0" encoding="UTF-8"?>
<coverage generated="1620400036008" clover="3.2.0">
  <project timestamp="1620400036008" name="All files">
    <metrics statements="41" coveredstatements="41" conditionals="0" coveredconditionals="0" methods="18" coveredmethods="18" elements="59" coveredelements="59" complexity="0" loc="41" ncloc="41" packages="4" files="8" classes="8"/>
    <package name="components">
      <metrics statements="18" coveredstatements="18" conditionals="0" coveredconditionals="0" methods="8" coveredmethods="8"/>
      <file name="Card.vue" path="/Users/laura.bento/Documents/Repositorio/project-crud-acp2p/components/Card.vue">
        <metrics statements="3" coveredstatements="3" conditionals="0" coveredconditionals="0" methods="1" coveredmethods="1"/>
        <line num="28" count="2" type="stmt"/>
        <line num="29" count="2" type="stmt"/>
        <line num="47" count="1" type="stmt"/>
      </file>
      <file name="Cards.vue" path="/Users/laura.bento/Documents/Repositorio/project-crud-acp2p/components/Cards.vue">
        <metrics statements="3" coveredstatements="3" conditionals="0" coveredconditionals="0" methods="1" coveredmethods="1"/>
        <line num="20" count="2" type="stmt"/>
        <line num="21" count="2" type="stmt"/>
        <line num="35" count="1" type="stmt"/>
      </file>
      <file name="NewAppointment.vue" path="/Users/laura.bento/Documents/Repositorio/project-crud-acp2p/components/NewAppointment.vue">
        <metrics statements="6" coveredstatements="6" conditionals="0" coveredconditionals="0" methods="2" coveredmethods="2"/>
        <line num="94" count="2" type="stmt"/>
        <line num="99" count="1" type="stmt"/>
        <line num="112" count="1" type="stmt"/>
        <line num="122" count="1" type="stmt"/>
        <line num="123" count="1" type="stmt"/>
        <line num="124" count="1" type="stmt"/>
      </file>
      <file name="Tabs.vue" path="/Users/laura.bento/Documents/Repositorio/project-crud-acp2p/components/Tabs.vue">
        <metrics statements="6" coveredstatements="6" conditionals="0" coveredconditionals="0" methods="4" coveredmethods="4"/>
        <line num="29" count="2" type="stmt"/>
        <line num="30" count="2" type="stmt"/>
        <line num="39" count="2" type="stmt"/>
        <line num="48" count="2" type="stmt"/>
        <line num="52" count="4" type="stmt"/>
        <line num="55" count="1" type="stmt"/>
      </file>
    </package>
    <package name="pages">
      <metrics statements="4" coveredstatements="4" conditionals="0" coveredconditionals="0" methods="2" coveredmethods="2"/>
      <file name="about.vue" path="/Users/laura.bento/Documents/Repositorio/project-crud-acp2p/pages/about.vue">
        <metrics statements="1" coveredstatements="1" conditionals="0" coveredconditionals="0" methods="1" coveredmethods="1"/>
        <line num="20" count="1" type="stmt"/>
      </file>
      <file name="index.vue" path="/Users/laura.bento/Documents/Repositorio/project-crud-acp2p/pages/index.vue">
        <metrics statements="3" coveredstatements="3" conditionals="0" coveredconditionals="0" methods="1" coveredmethods="1"/>
        <line num="9" count="1" type="stmt"/>
        <line num="10" count="1" type="stmt"/>
        <line num="18" count="1" type="stmt"/>
      </file>
    </package>
    <package name="pages.appointment">
      <metrics statements="8" coveredstatements="8" conditionals="0" coveredconditionals="0" methods="4" coveredmethods="4"/>
      <file name="_id.vue" path="/Users/laura.bento/Documents/Repositorio/project-crud-acp2p/pages/appointment/_id.vue">
        <metrics statements="8" coveredstatements="8" conditionals="0" coveredconditionals="0" methods="4" coveredmethods="4"/>
        <line num="20" count="1" type="stmt"/>
        <line num="21" count="1" type="stmt"/>
        <line num="26" count="3" type="stmt"/>
        <line num="31" count="6" type="stmt"/>
        <line num="44" count="6" type="stmt"/>
        <line num="48" count="3" type="stmt"/>
        <line num="53" count="3" type="stmt"/>
        <line num="57" count="3" type="stmt"/>
      </file>
    </package>
    <package name="pages.appointment.edit">
      <metrics statements="11" coveredstatements="11" conditionals="0" coveredconditionals="0" methods="4" coveredmethods="4"/>
      <file name="_id.vue" path="/Users/laura.bento/Documents/Repositorio/project-crud-acp2p/pages/appointment/edit/_id.vue">
        <metrics statements="11" coveredstatements="11" conditionals="0" coveredconditionals="0" methods="4" coveredmethods="4"/>
        <line num="96" count="1" type="stmt"/>
        <line num="97" count="1" type="stmt"/>
        <line num="102" count="4" type="stmt"/>
        <line num="108" count="8" type="stmt"/>
        <line num="122" count="1" type="stmt"/>
        <line num="133" count="1" type="stmt"/>
        <line num="134" count="1" type="stmt"/>
        <line num="135" count="1" type="stmt"/>
        <line num="139" count="4" type="stmt"/>
        <line num="144" count="4" type="stmt"/>
        <line num="148" count="4" type="stmt"/>
      </file>
    </package>
  </project>
</coverage>
