TN:
SF:components/Card.vue
FN:46,(anonymous_2)
FNF:1
FNH:1
FNDA:1,(anonymous_2)
DA:28,2
DA:29,2
DA:47,1
LF:3
LH:3
BRF:0
BRH:0
end_of_record
TN:
SF:components/Cards.vue
FN:34,(anonymous_2)
FNF:1
FNH:1
FNDA:1,(anonymous_2)
DA:20,2
DA:21,2
DA:35,1
LF:3
LH:3
BRF:0
BRH:0
end_of_record
TN:
SF:components/NewAppointment.vue
FN:98,(anonymous_1)
FN:111,(anonymous_2)
FNF:2
FNH:2
FNDA:1,(anonymous_1)
FNDA:1,(anonymous_2)
DA:94,2
DA:99,1
DA:112,1
DA:122,1
DA:123,1
DA:124,1
LF:6
LH:6
BRF:0
BRH:0
end_of_record
TN:
SF:components/Tabs.vue
FN:38,(anonymous_2)
FN:47,(anonymous_3)
FN:51,(anonymous_4)
FN:54,(anonymous_5)
FNF:4
FNH:4
FNDA:2,(anonymous_2)
FNDA:2,(anonymous_3)
FNDA:4,(anonymous_4)
FNDA:1,(anonymous_5)
DA:29,2
DA:30,2
DA:39,2
DA:48,2
DA:52,4
DA:55,1
LF:6
LH:6
BRF:0
BRH:0
end_of_record
TN:
SF:pages/about.vue
FN:19,(anonymous_1)
FNF:1
FNH:1
FNDA:1,(anonymous_1)
DA:20,1
LF:1
LH:1
BRF:0
BRH:0
end_of_record
TN:
SF:pages/index.vue
FN:17,(anonymous_2)
FNF:1
FNH:1
FNDA:1,(anonymous_2)
DA:9,1
DA:10,1
DA:18,1
LF:3
LH:3
BRF:0
BRH:0
end_of_record
TN:
SF:pages/appointment/_id.vue
FN:25,(anonymous_2)
FN:30,(anonymous_3)
FN:43,(anonymous_4)
FN:47,(anonymous_5)
FNF:4
FNH:4
FNDA:3,(anonymous_2)
FNDA:6,(anonymous_3)
FNDA:6,(anonymous_4)
FNDA:3,(anonymous_5)
DA:20,1
DA:21,1
DA:26,3
DA:31,6
DA:44,6
DA:48,3
DA:53,3
DA:57,3
LF:8
LH:8
BRF:0
BRH:0
end_of_record
TN:
SF:pages/appointment/edit/_id.vue
FN:101,(anonymous_2)
FN:107,(anonymous_3)
FN:121,(anonymous_4)
FN:138,(anonymous_5)
FNF:4
FNH:4
FNDA:4,(anonymous_2)
FNDA:8,(anonymous_3)
FNDA:1,(anonymous_4)
FNDA:4,(anonymous_5)
DA:96,1
DA:97,1
DA:102,4
DA:108,8
DA:122,1
DA:133,1
DA:134,1
DA:135,1
DA:139,4
DA:144,4
DA:148,4
LF:11
LH:11
BRF:0
BRH:0
end_of_record
